<?xml version="1.0" encoding="utf-8"?><testsuites name="pytest tests"><testsuite name="pytest" errors="0" failures="0" skipped="0" tests="19" time="3.504" timestamp="2026-06-21T23:52:55.169225+00:00" hostname="agent-env-5c37fdbd-85f8-4b55-903e-c9b9c6103f78"><testcase classname="backend.tests.backend_test" name="test_api_root" time="0.128" /><testcase classname="backend.tests.backend_test.TestSignup" name="test_signup_success" time="0.273" /><testcase classname="backend.tests.backend_test.TestSignup" name="test_signup_duplicate_email" time="0.322" /><testcase classname="backend.tests.backend_test.TestSignup" name="test_signup_short_password" time="0.046" /><testcase classname="backend.tests.backend_test.TestSignup" name="test_signup_invalid_email" time="0.055" /><testcase classname="backend.tests.backend_test.TestLogin" name="test_demo_login_success" time="0.271" /><testcase classname="backend.tests.backend_test.TestLogin" name="test_login_wrong_password" time="0.265" /><testcase classname="backend.tests.backend_test.TestLogin" name="test_login_unknown_email" time="0.044" /><testcase classname="backend.tests.backend_test.TestMe" name="test_me_with_token" time="0.318" /><testcase classname="backend.tests.backend_test.TestMe" name="test_me_no_token" time="0.098" /><testcase classname="backend.tests.backend_test.TestMe" name="test_me_invalid_token" time="0.142" /><testcase classname="backend.tests.backend_test.TestForgotOauth" name="test_forgot_existing" time="0.049" /><testcase classname="backend.tests.backend_test.TestForgotOauth" name="test_forgot_nonexistent" time="0.044" /><testcase classname="backend.tests.backend_test.TestForgotOauth" name="test_oauth_not_implemented" time="0.043" /><testcase classname="backend.tests.backend_test.TestRetrofits" name="test_unauth_list" time="0.149" /><testcase classname="backend.tests.backend_test.TestRetrofits" name="test_create_get_list_delete" time="0.522" /><testcase classname="backend.tests.backend_test.TestRetrofits" name="test_cross_user_isolation" time="0.504" /><testcase classname="backend.tests.backend_test.TestRetrofits" name="test_unknown_id_404" time="0.096" /><testcase classname="backend.tests.backend_test.TestRetrofits" name="test_create_missing_assessment" time="0.045" /></testsuite></testsuites>